<?xml version="1.0" encoding="UTF-8"?>
<!-- Generated by org.testng.reporters.JUnitReportReporter -->
<testsuite skipped="0" hostname="DESKTOP-664S85O" name="example.RunScriptServer" tests="1" failures="0" timestamp="13 Jul 2017 15:32:35 GMT" time="80.641" errors="0">
  <testcase name="test" time="80.641" classname="example.RunScriptServer"/>
</testsuite> <!-- example.RunScriptServer -->
