<?xml version="1.0" encoding="UTF-8"?>
<!-- Generated by org.testng.reporters.JUnitReportReporter -->
<testsuite skipped="0" hostname="DESKTOP-664S85O" name="example.RunScriptServer" tests="1" failures="0" timestamp="14 Jul 2017 08:11:53 GMT" time="146.174" errors="0">
  <testcase name="test" time="146.174" classname="example.RunScriptServer"/>
</testsuite> <!-- example.RunScriptServer -->
